<?xml version="1.0" encoding="UTF-8"?>
<!-- Generated by org.testng.reporters.JUnitReportReporter -->
<testsuite hostname="DESKTOP-0CP89SK" failures="0" tests="1" name="testCase.LoginTest" time="1.598" errors="0" timestamp="2025-03-18T23:07:04 IST" skipped="0">
  <testcase classname="testCase.LoginTest" name="verifylogin" time="1.598"/>
  <system-out/>
</testsuite> <!-- testCase.LoginTest -->
