<?xml version="1.0" encoding="UTF-8"?>
<!-- Generated by org.testng.reporters.JUnitReportReporter -->
<testsuite hostname="DESKTOP-0CP89SK" failures="0" tests="1" name="testCase.TCAccountregTest" time="7.491" errors="0" timestamp="2025-03-18T22:25:20 IST" skipped="0">
  <testcase classname="testCase.TCAccountregTest" name="verifyregacc" time="7.491"/>
  <system-out/>
</testsuite> <!-- testCase.TCAccountregTest -->
